[0.012s] Invoking command in '/home/autonobots/shruti_udupa/not_a_boring_competition/git_repo/Autonobots_NAB_Competition/jackal_ws/build/nav2_costmap_filters_demo': CMAKE_PREFIX_PATH=/home/autonobots/tutorials_ws/install/nav2_costmap_filters_demo:/opt/ros/foxy:/home/autonobots/catkin_ws/devel /usr/bin/cmake /home/autonobots/shruti_udupa/not_a_boring_competition/git_repo/Autonobots_NAB_Competition/jackal_ws/src/jackal/nav2_costmap_filters_demo -DAMENT_CMAKE_SYMLINK_INSTALL=1 -DCMAKE_INSTALL_PREFIX=/home/autonobots/shruti_udupa/not_a_boring_competition/git_repo/Autonobots_NAB_Competition/jackal_ws/install/nav2_costmap_filters_demo
[0.091s] -- The C compiler identification is GNU 9.4.0
[0.171s] -- The CXX compiler identification is GNU 9.4.0
[0.182s] -- Check for working C compiler: /usr/bin/cc
[0.347s] -- Check for working C compiler: /usr/bin/cc -- works
[0.349s] -- Detecting C compiler ABI info
[0.426s] -- Detecting C compiler ABI info - done
[0.446s] -- Detecting C compile features
[0.446s] -- Detecting C compile features - done
[0.452s] -- Check for working CXX compiler: /usr/bin/c++
[0.691s] -- Check for working CXX compiler: /usr/bin/c++ -- works
[0.694s] -- Detecting CXX compiler ABI info
[0.942s] -- Detecting CXX compiler ABI info - done
[0.988s] -- Detecting CXX compile features
[0.990s] -- Detecting CXX compile features - done
[0.998s] -- Found ament_cmake: 0.9.12 (/opt/ros/foxy/share/ament_cmake/cmake)
[1.082s] -- Found PythonInterp: /usr/bin/python3 (found suitable version "3.8.10", minimum required is "3") 
[1.083s] -- Using PYTHON_EXECUTABLE: /usr/bin/python3
[1.370s] -- Override CMake install command with custom implementation using symlinks instead of copying resources
[1.519s] -- Configuring done
[1.521s] -- Generating done
[1.523s] -- Build files have been written to: /home/autonobots/shruti_udupa/not_a_boring_competition/git_repo/Autonobots_NAB_Competition/jackal_ws/build/nav2_costmap_filters_demo
[1.526s] Invoked command in '/home/autonobots/shruti_udupa/not_a_boring_competition/git_repo/Autonobots_NAB_Competition/jackal_ws/build/nav2_costmap_filters_demo' returned '0': CMAKE_PREFIX_PATH=/home/autonobots/tutorials_ws/install/nav2_costmap_filters_demo:/opt/ros/foxy:/home/autonobots/catkin_ws/devel /usr/bin/cmake /home/autonobots/shruti_udupa/not_a_boring_competition/git_repo/Autonobots_NAB_Competition/jackal_ws/src/jackal/nav2_costmap_filters_demo -DAMENT_CMAKE_SYMLINK_INSTALL=1 -DCMAKE_INSTALL_PREFIX=/home/autonobots/shruti_udupa/not_a_boring_competition/git_repo/Autonobots_NAB_Competition/jackal_ws/install/nav2_costmap_filters_demo
[1.530s] Invoking command in '/home/autonobots/shruti_udupa/not_a_boring_competition/git_repo/Autonobots_NAB_Competition/jackal_ws/build/nav2_costmap_filters_demo': CMAKE_PREFIX_PATH=/home/autonobots/tutorials_ws/install/nav2_costmap_filters_demo:/opt/ros/foxy:/home/autonobots/catkin_ws/devel /usr/bin/cmake --build /home/autonobots/shruti_udupa/not_a_boring_competition/git_repo/Autonobots_NAB_Competition/jackal_ws/build/nav2_costmap_filters_demo -- -j12 -l12
[1.576s] Invoked command in '/home/autonobots/shruti_udupa/not_a_boring_competition/git_repo/Autonobots_NAB_Competition/jackal_ws/build/nav2_costmap_filters_demo' returned '0': CMAKE_PREFIX_PATH=/home/autonobots/tutorials_ws/install/nav2_costmap_filters_demo:/opt/ros/foxy:/home/autonobots/catkin_ws/devel /usr/bin/cmake --build /home/autonobots/shruti_udupa/not_a_boring_competition/git_repo/Autonobots_NAB_Competition/jackal_ws/build/nav2_costmap_filters_demo -- -j12 -l12
[1.618s] Invoking command in '/home/autonobots/shruti_udupa/not_a_boring_competition/git_repo/Autonobots_NAB_Competition/jackal_ws/build/nav2_costmap_filters_demo': CMAKE_PREFIX_PATH=/home/autonobots/tutorials_ws/install/nav2_costmap_filters_demo:/opt/ros/foxy:/home/autonobots/catkin_ws/devel /usr/bin/cmake --install /home/autonobots/shruti_udupa/not_a_boring_competition/git_repo/Autonobots_NAB_Competition/jackal_ws/build/nav2_costmap_filters_demo
[1.632s] -- Install configuration: ""
[1.633s] -- Execute custom install script
[1.635s] -- Symlinking: /home/autonobots/shruti_udupa/not_a_boring_competition/git_repo/Autonobots_NAB_Competition/jackal_ws/install/nav2_costmap_filters_demo/share/nav2_costmap_filters_demo/launch/costmap_filter_info.launch.py
[1.665s] -- Symlinking: /home/autonobots/shruti_udupa/not_a_boring_competition/git_repo/Autonobots_NAB_Competition/jackal_ws/install/nav2_costmap_filters_demo/share/nav2_costmap_filters_demo/maps/boundary_map_v3.pgm
[1.692s] -- Symlinking: /home/autonobots/shruti_udupa/not_a_boring_competition/git_repo/Autonobots_NAB_Competition/jackal_ws/install/nav2_costmap_filters_demo/share/nav2_costmap_filters_demo/maps/map_filter_mask.yaml
[1.721s] -- Symlinking: /home/autonobots/shruti_udupa/not_a_boring_competition/git_repo/Autonobots_NAB_Competition/jackal_ws/install/nav2_costmap_filters_demo/share/nav2_costmap_filters_demo/params/map_filter_mask_info.yaml
[1.750s] -- Symlinking: /home/autonobots/shruti_udupa/not_a_boring_competition/git_repo/Autonobots_NAB_Competition/jackal_ws/install/nav2_costmap_filters_demo/share/ament_index/resource_index/package_run_dependencies/nav2_costmap_filters_demo
[1.778s] -- Symlinking: /home/autonobots/shruti_udupa/not_a_boring_competition/git_repo/Autonobots_NAB_Competition/jackal_ws/install/nav2_costmap_filters_demo/share/ament_index/resource_index/parent_prefix_path/nav2_costmap_filters_demo
[1.805s] -- Symlinking: /home/autonobots/shruti_udupa/not_a_boring_competition/git_repo/Autonobots_NAB_Competition/jackal_ws/install/nav2_costmap_filters_demo/share/nav2_costmap_filters_demo/environment/ament_prefix_path.sh
[1.832s] -- Symlinking: /home/autonobots/shruti_udupa/not_a_boring_competition/git_repo/Autonobots_NAB_Competition/jackal_ws/install/nav2_costmap_filters_demo/share/nav2_costmap_filters_demo/environment/ament_prefix_path.dsv
[1.860s] -- Symlinking: /home/autonobots/shruti_udupa/not_a_boring_competition/git_repo/Autonobots_NAB_Competition/jackal_ws/install/nav2_costmap_filters_demo/share/nav2_costmap_filters_demo/environment/path.sh
[1.885s] -- Symlinking: /home/autonobots/shruti_udupa/not_a_boring_competition/git_repo/Autonobots_NAB_Competition/jackal_ws/install/nav2_costmap_filters_demo/share/nav2_costmap_filters_demo/environment/path.dsv
[1.903s] -- Symlinking: /home/autonobots/shruti_udupa/not_a_boring_competition/git_repo/Autonobots_NAB_Competition/jackal_ws/install/nav2_costmap_filters_demo/share/nav2_costmap_filters_demo/local_setup.bash
[1.918s] -- Symlinking: /home/autonobots/shruti_udupa/not_a_boring_competition/git_repo/Autonobots_NAB_Competition/jackal_ws/install/nav2_costmap_filters_demo/share/nav2_costmap_filters_demo/local_setup.sh
[1.933s] -- Symlinking: /home/autonobots/shruti_udupa/not_a_boring_competition/git_repo/Autonobots_NAB_Competition/jackal_ws/install/nav2_costmap_filters_demo/share/nav2_costmap_filters_demo/local_setup.zsh
[1.949s] -- Symlinking: /home/autonobots/shruti_udupa/not_a_boring_competition/git_repo/Autonobots_NAB_Competition/jackal_ws/install/nav2_costmap_filters_demo/share/nav2_costmap_filters_demo/local_setup.dsv
[1.973s] -- Symlinking: /home/autonobots/shruti_udupa/not_a_boring_competition/git_repo/Autonobots_NAB_Competition/jackal_ws/install/nav2_costmap_filters_demo/share/nav2_costmap_filters_demo/package.dsv
[2.001s] -- Symlinking: /home/autonobots/shruti_udupa/not_a_boring_competition/git_repo/Autonobots_NAB_Competition/jackal_ws/install/nav2_costmap_filters_demo/share/ament_index/resource_index/packages/nav2_costmap_filters_demo
[2.028s] -- Symlinking: /home/autonobots/shruti_udupa/not_a_boring_competition/git_repo/Autonobots_NAB_Competition/jackal_ws/install/nav2_costmap_filters_demo/share/nav2_costmap_filters_demo/cmake/nav2_costmap_filters_demoConfig.cmake
[2.056s] -- Symlinking: /home/autonobots/shruti_udupa/not_a_boring_competition/git_repo/Autonobots_NAB_Competition/jackal_ws/install/nav2_costmap_filters_demo/share/nav2_costmap_filters_demo/cmake/nav2_costmap_filters_demoConfig-version.cmake
[2.083s] -- Symlinking: /home/autonobots/shruti_udupa/not_a_boring_competition/git_repo/Autonobots_NAB_Competition/jackal_ws/install/nav2_costmap_filters_demo/share/nav2_costmap_filters_demo/package.xml
[2.115s] Invoked command in '/home/autonobots/shruti_udupa/not_a_boring_competition/git_repo/Autonobots_NAB_Competition/jackal_ws/build/nav2_costmap_filters_demo' returned '0': CMAKE_PREFIX_PATH=/home/autonobots/tutorials_ws/install/nav2_costmap_filters_demo:/opt/ros/foxy:/home/autonobots/catkin_ws/devel /usr/bin/cmake --install /home/autonobots/shruti_udupa/not_a_boring_competition/git_repo/Autonobots_NAB_Competition/jackal_ws/build/nav2_costmap_filters_demo
